{"level":"info","message":"validating the exact title","timestamp":"2016-06-07T18:16:28.764Z"}
{"level":"info","message":"Validate title should not match","timestamp":"2016-06-07T18:16:28.788Z"}
{"level":"info","message":"Navigating to the Website","timestamp":"2016-06-07T18:16:46.357Z"}
{"level":"info","message":"Navigating to the Website","timestamp":"2016-06-07T18:16:49.497Z"}
{"level":"info","message":"Navigating to the Website","timestamp":"2016-06-07T18:16:52.169Z"}
{"level":"info","message":"Navigating to the Website","timestamp":"2016-06-07T18:16:54.795Z"}
{"level":"info","message":"validating the exact title","timestamp":"2016-06-07T18:16:57.217Z"}
{"level":"info","message":"Navigating to the Website","timestamp":"2016-06-07T18:16:57.343Z"}
{"level":"info","message":"Validate title should not match","timestamp":"2016-06-07T18:16:59.979Z"}
{"level":"info","message":"Navigating to the Website","timestamp":"2016-06-07T18:17:00.111Z"}
{"level":"info","message":"validating the exact title","timestamp":"2016-06-07T18:17:02.464Z"}
{"level":"info","message":"validating the exact title","timestamp":"2016-06-07T18:17:06.736Z"}
{"level":"info","message":"Validate title should not match","timestamp":"2016-06-07T18:17:06.738Z"}
{"level":"info","message":"validating the exact title","timestamp":"2016-06-07T18:17:18.766Z"}
{"level":"info","message":"Validate title should not match","timestamp":"2016-06-07T18:17:18.767Z"}
{"level":"debug","message":"User already Present so \"Complete\" button is not clickable","timestamp":"2016-06-07T18:17:18.784Z"}
{"level":"info","message":"validating the exact title","timestamp":"2016-06-07T18:50:30.750Z"}
{"level":"info","message":"Validate title should not match","timestamp":"2016-06-07T18:50:30.757Z"}
{"level":"info","message":"Navigating to the Website","timestamp":"2016-06-07T18:50:48.222Z"}
{"level":"info","message":"Navigating to the Website","timestamp":"2016-06-07T18:50:51.769Z"}
{"level":"info","message":"Navigating to the Website","timestamp":"2016-06-07T18:50:54.940Z"}
{"level":"info","message":"Navigating to the Website","timestamp":"2016-06-07T18:50:58.137Z"}
{"level":"info","message":"validating the exact title","timestamp":"2016-06-07T18:51:00.938Z"}
{"level":"info","message":"Navigating to the Website","timestamp":"2016-06-07T18:51:01.141Z"}
{"level":"info","message":"Validate title should not match","timestamp":"2016-06-07T18:51:03.795Z"}
{"level":"info","message":"Navigating to the Website","timestamp":"2016-06-07T18:51:04.066Z"}
{"level":"info","message":"validating the exact title","timestamp":"2016-06-07T18:51:06.747Z"}
{"level":"info","message":"validating the exact title","timestamp":"2016-06-07T18:51:11.456Z"}
{"level":"info","message":"Validate title should not match","timestamp":"2016-06-07T18:51:11.461Z"}
{"level":"info","message":"validating the exact title","timestamp":"2016-06-07T18:51:25.779Z"}
{"level":"info","message":"Validate title should not match","timestamp":"2016-06-07T18:51:25.780Z"}
{"level":"debug","message":"User already Present so \"Complete\" button is not clickable","timestamp":"2016-06-07T18:51:25.821Z"}
{"level":"info","message":"validating the exact title","timestamp":"2016-06-07T18:54:16.242Z"}
{"level":"info","message":"Validate title should not match","timestamp":"2016-06-07T18:54:16.250Z"}
{"level":"info","message":"Navigating to the Website","timestamp":"2016-06-07T18:54:23.660Z"}
{"level":"info","message":"Navigating to the Website","timestamp":"2016-06-07T18:54:26.881Z"}
{"level":"info","message":"Navigating to the Website","timestamp":"2016-06-07T18:54:29.833Z"}
{"level":"info","message":"Navigating to the Website","timestamp":"2016-06-07T18:54:32.520Z"}
{"level":"info","message":"validating the exact title","timestamp":"2016-06-07T18:54:35.005Z"}
{"level":"info","message":"Navigating to the Website","timestamp":"2016-06-07T18:54:35.264Z"}
{"level":"info","message":"Validate title should not match","timestamp":"2016-06-07T18:54:37.631Z"}
{"level":"info","message":"Navigating to the Website","timestamp":"2016-06-07T18:54:37.878Z"}
{"level":"info","message":"validating the exact title","timestamp":"2016-06-07T18:54:40.396Z"}
{"level":"info","message":"validating the exact title","timestamp":"2016-06-07T18:54:43.286Z"}
{"level":"info","message":"Validate title should not match","timestamp":"2016-06-07T18:54:43.289Z"}
{"level":"info","message":"validating the exact title","timestamp":"2016-06-07T18:54:55.130Z"}
{"level":"info","message":"Validate title should not match","timestamp":"2016-06-07T18:54:55.133Z"}
{"level":"debug","message":"User already Present so \"Complete\" button is not clickable","timestamp":"2016-06-07T18:54:55.185Z"}
{"level":"info","message":"validating the exact title","timestamp":"2016-06-07T19:20:59.617Z"}
{"level":"info","message":"Validate title should not match","timestamp":"2016-06-07T19:20:59.638Z"}
{"level":"info","message":"Navigating to the Website","timestamp":"2016-06-07T19:21:28.647Z"}
{"level":"info","message":"Navigating to the Website","timestamp":"2016-06-07T19:21:32.648Z"}
{"level":"info","message":"Navigating to the Website","timestamp":"2016-06-07T19:21:36.181Z"}
{"level":"info","message":"Navigating to the Website","timestamp":"2016-06-07T19:21:39.713Z"}
{"level":"info","message":"validating the exact title","timestamp":"2016-06-07T19:21:42.996Z"}
{"level":"info","message":"Navigating to the Website","timestamp":"2016-06-07T19:21:43.362Z"}
{"level":"info","message":"Validate title should not match","timestamp":"2016-06-07T19:21:45.875Z"}
{"level":"info","message":"Navigating to the Website","timestamp":"2016-06-07T19:21:46.125Z"}
{"level":"info","message":"validating the exact title","timestamp":"2016-06-07T19:21:48.709Z"}
{"level":"info","message":"validating the exact title","timestamp":"2016-06-07T19:21:52.473Z"}
{"level":"info","message":"Validate title should not match","timestamp":"2016-06-07T19:21:52.473Z"}
{"level":"info","message":"validating the exact title","timestamp":"2016-06-07T19:22:04.939Z"}
{"level":"info","message":"Validate title should not match","timestamp":"2016-06-07T19:22:04.940Z"}
{"level":"debug","message":"User already Present so \"Complete\" button is not clickable","timestamp":"2016-06-07T19:22:04.977Z"}
{"level":"info","message":"Opening the ORION MAM test URL","timestamp":"2016-06-07T19:22:14.228Z"}
{"level":"info","message":"Entering the username in the filterbox","timestamp":"2016-06-07T19:22:14.500Z"}
{"level":"info","message":"entering username in the search box","timestamp":"2016-06-07T19:22:14.501Z"}
{"level":"info","message":"Opening the ORION MAM test URL","timestamp":"2016-06-07T19:22:17.039Z"}
{"level":"info","message":"Entering the username in the filterbox","timestamp":"2016-06-07T19:22:17.296Z"}
{"level":"info","message":"entering username in the search box","timestamp":"2016-06-07T19:22:17.297Z"}
{"level":"info","message":"Navigating to the Website","timestamp":"2016-07-01T10:06:10.192Z"}
{"level":"info","message":"Navigating to the Website","timestamp":"2016-07-01T10:53:11.699Z"}
{"level":"info","message":"Navigating to the Website","timestamp":"2016-07-01T10:53:40.176Z"}
{"level":"info","message":"Navigating to the Website","timestamp":"2016-07-01T10:53:53.707Z"}
{"level":"info","message":"Navigating to the Website","timestamp":"2016-07-01T10:56:47.574Z"}
{"level":"info","message":"Navigating to the Website","timestamp":"2016-07-10T13:49:14.449Z"}
{"level":"info","message":"Navigating to the Website","timestamp":"2016-07-12T06:24:37.163Z"}
{"level":"info","message":"Navigating to the Website","timestamp":"2016-07-12T06:37:43.183Z"}
